<?xml version="1.0" encoding="UTF-8"?>
<!-- Generated by org.testng.reporters.JUnitReportReporter -->
<testsuite skipped="0" hostname="DESKTOP-5M24EDH" name="testScripts.SampleOneTest" tests="1" failures="0" timestamp="2023-05-11T16:23:59 IST" time="17.987" errors="0">
  <testcase name="reTest" time="17.987" classname="testScripts.SampleOneTest"/>
  <system-out/>
</testsuite> <!-- testScripts.SampleOneTest -->
