<?xml version="1.0" encoding="UTF-8"?>
<!-- Generated by org.testng.reporters.JUnitReportReporter -->
<testsuite hostname="DESKTOP-5M24EDH" failures="0" tests="9" name="parallelScripts.SampleOneTest" time="0.095" errors="0" timestamp="2023-05-10T15:06:18 IST" skipped="0">
  <testcase classname="parallelScripts.SampleOneTest" name="testfour" time="0.010"/>
  <system-out/>
  <testcase classname="parallelScripts.SampleOneTest" name="testfour" time="0.016"/>
  <system-out/>
  <testcase classname="parallelScripts.SampleOneTest" name="testfour" time="0.003"/>
  <system-out/>
  <testcase classname="parallelScripts.SampleOneTest" name="testtwo" time="0.008"/>
  <system-out/>
  <testcase classname="parallelScripts.SampleOneTest" name="testfour" time="0.014"/>
  <system-out/>
  <testcase classname="parallelScripts.SampleOneTest" name="testfour" time="0.012"/>
  <system-out/>
  <testcase classname="parallelScripts.SampleOneTest" name="testthree" time="0.009"/>
  <system-out/>
  <testcase classname="parallelScripts.SampleOneTest" name="testfour" time="0.010"/>
  <system-out/>
  <testcase classname="parallelScripts.SampleOneTest" name="testOne" time="0.013"/>
  <system-out/>
</testsuite> <!-- parallelScripts.SampleOneTest -->
