<?xml version="1.0" encoding="UTF-8"?>
<!-- Generated by org.testng.reporters.JUnitReportReporter -->
<testsuite hostname="DESKTOP-5M24EDH" failures="0" tests="4" name="parallelScripts.SampleTwoTest" time="0.029" errors="0" timestamp="2023-05-10T15:04:51 IST" skipped="0">
  <testcase classname="parallelScripts.SampleTwoTest" name="testtwo" time="0.009"/>
  <system-out/>
  <testcase classname="parallelScripts.SampleTwoTest" name="testOne" time="0.011"/>
  <system-out/>
  <testcase classname="parallelScripts.SampleTwoTest" name="testthree" time="0.003"/>
  <system-out/>
  <testcase classname="parallelScripts.SampleTwoTest" name="testfour" time="0.006"/>
  <system-out/>
</testsuite> <!-- parallelScripts.SampleTwoTest -->
