<?xml version="1.0" encoding="UTF-8"?>
<!-- Generated by org.testng.reporters.JUnitReportReporter -->
<testsuite skipped="0" hostname="DESKTOP-5M24EDH" name="testScripts.RemoteDriverTest" tests="1" failures="0" timestamp="2023-05-11T17:56:02 IST" time="15.073" errors="0">
  <testcase name="test" time="15.073" classname="testScripts.RemoteDriverTest"/>
  <system-out/>
</testsuite> <!-- testScripts.RemoteDriverTest -->
