<?xml version="1.0" encoding="UTF-8"?>
<!-- Generated by org.testng.reporters.JUnitReportReporter -->
<testsuite hostname="DESKTOP-5M24EDH" failures="0" tests="1" name="testScripts.SampleFourTest" time="18.987" errors="0" timestamp="2023-05-10T12:51:59 IST" skipped="0">
  <testcase classname="testScripts.SampleFourTest" name="registerPage" time="18.987"/>
  <system-out/>
</testsuite> <!-- testScripts.SampleFourTest -->
