<?xml version="1.0" encoding="UTF-8"?>
<!-- Generated by org.testng.reporters.JUnitReportReporter -->
<testsuite hostname="DESKTOP-5M24EDH" failures="0" tests="2" name="testScripts.GooglePageTest" time="21.767" errors="0" timestamp="2023-05-09T16:45:08 IST" skipped="0">
  <testcase classname="testScripts.GooglePageTest" name="javaSearchTest" time="11.024"/>
  <system-out/>
  <testcase classname="testScripts.GooglePageTest" name="seleniumSearchTest" time="10.743"/>
  <system-out/>
</testsuite> <!-- testScripts.GooglePageTest -->
