<?xml version="1.0" encoding="UTF-8"?>
<!-- Generated by org.testng.reporters.JUnitReportReporter -->
<testsuite hostname="DESKTOP-5M24EDH" failures="0" tests="2" name="testScripts.SampleTwoTest" time="0.014" errors="0" timestamp="2023-05-09T17:36:57 IST" skipped="0">
  <testcase classname="testScripts.SampleTwoTest" name="testOne" time="0.012"/>
  <system-out/>
  <testcase classname="testScripts.SampleTwoTest" name="testtwo" time="0.002"/>
  <system-out/>
</testsuite> <!-- testScripts.SampleTwoTest -->
