<?xml version="1.0" encoding="UTF-8"?>
<!-- Generated by org.testng.reporters.JUnitReportReporter -->
<testsuite hostname="DESKTOP-5M24EDH" failures="0" tests="2" name="testScripts.SampleThreeTest" time="0.006" errors="0" timestamp="2023-05-09T17:36:57 IST" skipped="0">
  <testcase classname="testScripts.SampleThreeTest" name="testthree" time="0.004"/>
  <system-out/>
  <testcase classname="testScripts.SampleThreeTest" name="testtwo" time="0.002"/>
  <system-out/>
</testsuite> <!-- testScripts.SampleThreeTest -->
