<?xml version="1.0" encoding="UTF-8"?>
<!-- Generated by org.testng.reporters.JUnitReportReporter -->
<testsuite hostname="DESKTOP-5M24EDH" failures="0" tests="4" name="parallelScripts.SampleThreeTest" time="0.022" errors="0" timestamp="2023-05-10T15:05:54 IST" skipped="0">
  <testcase classname="parallelScripts.SampleThreeTest" name="testfour" time="0.003"/>
  <system-out/>
  <testcase classname="parallelScripts.SampleThreeTest" name="testtwo" time="0.003"/>
  <system-out/>
  <testcase classname="parallelScripts.SampleThreeTest" name="testthree" time="0.002"/>
  <system-out/>
  <testcase classname="parallelScripts.SampleThreeTest" name="testOne" time="0.014"/>
  <system-out/>
</testsuite> <!-- parallelScripts.SampleThreeTest -->
